Determining if the pthread_create exist failed with the following output:
Change Dir: /cse/home/xli/gitrepos/gpusim/build/CMakeFiles/CMakeTmp

Run Build Command:"/usr/bin/make" "cmTC_980ed/fast"
/usr/bin/make -f CMakeFiles/cmTC_980ed.dir/build.make CMakeFiles/cmTC_980ed.dir/build
make[1]: Entering directory '/cse/home/xli/gitrepos/gpusim/build/CMakeFiles/CMakeTmp'
Building C object CMakeFiles/cmTC_980ed.dir/CheckSymbolExists.c.o
/usr/bin/cc    -fPIC    -o CMakeFiles/cmTC_980ed.dir/CheckSymbolExists.c.o   -c /cse/home/xli/gitrepos/gpusim/build/CMakeFiles/CMakeTmp/CheckSymbolExists.c
Linking C executable cmTC_980ed
/usr/bin/cmake -E cmake_link_script CMakeFiles/cmTC_980ed.dir/link.txt --verbose=1
/usr/bin/cc  -fPIC     CMakeFiles/cmTC_980ed.dir/CheckSymbolExists.c.o  -o cmTC_980ed -rdynamic 
CMakeFiles/cmTC_980ed.dir/CheckSymbolExists.c.o: In function `main':
CheckSymbolExists.c:(.text+0x1b): undefined reference to `pthread_create'
collect2: error: ld returned 1 exit status
CMakeFiles/cmTC_980ed.dir/build.make:97: recipe for target 'cmTC_980ed' failed
make[1]: *** [cmTC_980ed] Error 1
make[1]: Leaving directory '/cse/home/xli/gitrepos/gpusim/build/CMakeFiles/CMakeTmp'
Makefile:126: recipe for target 'cmTC_980ed/fast' failed
make: *** [cmTC_980ed/fast] Error 2

File /cse/home/xli/gitrepos/gpusim/build/CMakeFiles/CMakeTmp/CheckSymbolExists.c:
/* */
#include <pthread.h>

int main(int argc, char** argv)
{
  (void)argv;
#ifndef pthread_create
  return ((int*)(&pthread_create))[argc];
#else
  (void)argc;
  return 0;
#endif
}

Determining if the function pthread_create exists in the pthreads failed with the following output:
Change Dir: /cse/home/xli/gitrepos/gpusim/build/CMakeFiles/CMakeTmp

Run Build Command:"/usr/bin/make" "cmTC_624b6/fast"
/usr/bin/make -f CMakeFiles/cmTC_624b6.dir/build.make CMakeFiles/cmTC_624b6.dir/build
make[1]: Entering directory '/cse/home/xli/gitrepos/gpusim/build/CMakeFiles/CMakeTmp'
Building C object CMakeFiles/cmTC_624b6.dir/CheckFunctionExists.c.o
/usr/bin/cc    -fPIC -DCHECK_FUNCTION_EXISTS=pthread_create   -o CMakeFiles/cmTC_624b6.dir/CheckFunctionExists.c.o   -c /usr/share/cmake-3.5/Modules/CheckFunctionExists.c
Linking C executable cmTC_624b6
/usr/bin/cmake -E cmake_link_script CMakeFiles/cmTC_624b6.dir/link.txt --verbose=1
/usr/bin/cc  -fPIC -DCHECK_FUNCTION_EXISTS=pthread_create    CMakeFiles/cmTC_624b6.dir/CheckFunctionExists.c.o  -o cmTC_624b6 -rdynamic -lpthreads 
/usr/bin/ld: cannot find -lpthreads
collect2: error: ld returned 1 exit status
CMakeFiles/cmTC_624b6.dir/build.make:97: recipe for target 'cmTC_624b6' failed
make[1]: *** [cmTC_624b6] Error 1
make[1]: Leaving directory '/cse/home/xli/gitrepos/gpusim/build/CMakeFiles/CMakeTmp'
Makefile:126: recipe for target 'cmTC_624b6/fast' failed
make: *** [cmTC_624b6/fast] Error 2


